 Run: galx/1 : Nmix -n10000 -ns10000 -nb0 galx 
random number seed:  1473898880
xi      =     0.000    *R/2+ymid =  21.73    
kappa   =     1.000    /R^2 = 0.1586E-02
alpha   =     2.000    
beta is Gamma(g,h) with
  g     =    0.2000    
  h     =     10.00    /R^2 = 0.1586E-01
delta   =     1.000    
lambda  =    -1.000    
nsweep  =      10000
nstep   =          6
nburnin =          0
n       =         82
ymin    =     9.172    
ymax    =     34.28    
 move schedule: swpahb
initial number of components:   1
splits:     538 out of   4996
split rej r:     757
combines:   564 out of   5004
births:     946 out of   4988
deaths:     918 out of   5012
